{"level":"INFO","message":"[2:34:47.966 PM]: Creating new connection object"}
{"level":"INFO","message":"[2:34:47.974 PM]: Creating Connection[id: bcda2239-280a-4863-92a2-13156302412a] with host: EH62320.snowflakecomputing.com, account: EH62320, accessUrl: https://EH62320.snowflakecomputing.com, user: ETIENNE, role: undefined, database: SEC_Filings, schema: CYBERSYN, warehouse: COMPUTE_WH, proxy was not configured, password is provided, region: undefined, authenticator: SNOWFLAKE, ocsp mode: FAIL_OPEN, os: linux, os version: 6.8.0-85-generic"}
{"level":"INFO","message":"[2:34:47.974 PM]: Connection[id: bcda2239-280a-4863-92a2-13156302412a] additional details: passcode in password is provided, passcode is not provided, private key is not provided, application: undefined, client name: snowflake-sdk, client version: 2.3.1, retry timeout: 300, private key path: undefined, private key pass is not provided, client store temporary credential: false, browser response timeout: 120000"}
{"level":"INFO","message":"[2:34:47.975 PM]: Connection[id: bcda2239-280a-4863-92a2-13156302412a] - connection object created successfully."}
{"level":"INFO","message":"[2:34:47.975 PM]: Connection[id: bcda2239-280a-4863-92a2-13156302412a] - connecting. Associated Snowflake domain: GLOBAL"}
{"level":"INFO","message":"[2:34:47.976 PM]: Connection[id: bcda2239-280a-4863-92a2-13156302412a] - authentication successful using: SNOWFLAKE"}
{"level":"INFO","message":"[2:34:47.976 PM]: Trying to initialize Easy Logging"}
{"level":"INFO","message":"[2:34:47.978 PM]: No client config detected."}
{"level":"INFO","message":"[2:34:47.978 PM]: No config file path found. Client config will not be used."}
{"level":"INFO","message":"[2:34:47.979 PM]: Easy Logging is disabled as no config has been found"}
{"level":"INFO","message":"[2:34:47.983 PM]: Connection[id: bcda2239-280a-4863-92a2-13156302412a] - connected successfully after 7.88 milliseconds"}
{"level":"INFO","message":"[2:36:43.621 PM]: Creating new connection object"}
{"level":"INFO","message":"[2:36:43.622 PM]: Creating Connection[id: c04fa0ec-01d4-4e0e-b30f-0fc980c5c872] with host: EH62320.snowflakecomputing.com, account: EH62320, accessUrl: https://EH62320.snowflakecomputing.com, user: ETIENNE, role: undefined, database: SEC_Filings, schema: CYBERSYN, warehouse: COMPUTE_WH, proxy was not configured, password is provided, region: undefined, authenticator: SNOWFLAKE, ocsp mode: FAIL_OPEN, os: linux, os version: 6.8.0-85-generic"}
{"level":"INFO","message":"[2:36:43.622 PM]: Connection[id: c04fa0ec-01d4-4e0e-b30f-0fc980c5c872] additional details: passcode in password is provided, passcode is not provided, private key is not provided, application: undefined, client name: snowflake-sdk, client version: 2.3.1, retry timeout: 300, private key path: undefined, private key pass is not provided, client store temporary credential: false, browser response timeout: 120000"}
{"level":"INFO","message":"[2:36:43.622 PM]: Connection[id: c04fa0ec-01d4-4e0e-b30f-0fc980c5c872] - connection object created successfully."}
{"level":"INFO","message":"[2:36:43.622 PM]: Connection[id: c04fa0ec-01d4-4e0e-b30f-0fc980c5c872] - connecting. Associated Snowflake domain: GLOBAL"}
{"level":"INFO","message":"[2:36:43.622 PM]: Connection[id: c04fa0ec-01d4-4e0e-b30f-0fc980c5c872] - authentication successful using: SNOWFLAKE"}
{"level":"INFO","message":"[2:36:43.623 PM]: Connection[id: c04fa0ec-01d4-4e0e-b30f-0fc980c5c872] - connected successfully after 0.95 milliseconds"}
{"level":"INFO","message":"[2:39:41.501 PM]: Creating new connection object"}
{"level":"INFO","message":"[2:39:41.503 PM]: Creating Connection[id: c78eed86-7ce5-46aa-b0de-db1e33c9a414] with host: EH62320.snowflakecomputing.com, account: EH62320, accessUrl: https://EH62320.snowflakecomputing.com, user: ETIENNE, role: undefined, database: SEC_Filings, schema: CYBERSYN, warehouse: COMPUTE_WH, proxy was not configured, password is provided, region: undefined, authenticator: SNOWFLAKE, ocsp mode: FAIL_OPEN, os: linux, os version: 6.8.0-85-generic"}
{"level":"INFO","message":"[2:39:41.504 PM]: Connection[id: c78eed86-7ce5-46aa-b0de-db1e33c9a414] additional details: passcode in password is provided, passcode is not provided, private key is not provided, application: undefined, client name: snowflake-sdk, client version: 2.3.1, retry timeout: 300, private key path: undefined, private key pass is not provided, client store temporary credential: false, browser response timeout: 120000"}
{"level":"INFO","message":"[2:39:41.504 PM]: Connection[id: c78eed86-7ce5-46aa-b0de-db1e33c9a414] - connection object created successfully."}
{"level":"INFO","message":"[2:39:41.505 PM]: Connection[id: c78eed86-7ce5-46aa-b0de-db1e33c9a414] - connecting. Associated Snowflake domain: GLOBAL"}
{"level":"INFO","message":"[2:39:41.505 PM]: Connection[id: c78eed86-7ce5-46aa-b0de-db1e33c9a414] - authentication successful using: SNOWFLAKE"}
{"level":"INFO","message":"[2:39:41.507 PM]: Connection[id: c78eed86-7ce5-46aa-b0de-db1e33c9a414] - connected successfully after 2.38 milliseconds"}
